<?xml version="1.0" encoding="UTF-8"?>
<!-- Generated by org.testng.reporters.JUnitReportReporter -->
<testsuite hostname="D-N-PC-13103" failures="0" tests="4" name="JPASessionUtilTest" time="2.597" errors="0" timestamp="2023-03-18T15:31:19 IRST" skipped="0">
  <testcase classname="JPASessionUtilTest" name="nonExistedEntityManagerException" time="0.003"/>
  <system-out/>
  <testcase classname="JPASessionUtilTest" name="testSession" time="0.478"/>
  <system-out/>
  <testcase classname="JPASessionUtilTest" name="getEntityManager" time="1.565"/>
  <system-out/>
  <testcase classname="JPASessionUtilTest" name="testEntityManager" time="0.551"/>
  <system-out/>
</testsuite> <!-- JPASessionUtilTest -->
