<?xml version="1.0" encoding="UTF-8"?>
<!-- Generated by org.testng.reporters.JUnitReportReporter -->
<testsuite hostname="D-N-PC-13103" failures="0" tests="1" name="ch07.lifecyclething.FirstLifecycleTest" time="2.747" errors="0" timestamp="2023-03-18T15:30:53 IRST" skipped="0">
  <testcase classname="ch07.lifecyclething.FirstLifecycleTest" name="testLifecycle" time="2.747"/>
  <system-out>
    <![CDATA[attempted to load nonexistent reference]]>
  </system-out>
</testsuite> <!-- ch07.lifecyclething.FirstLifecycleTest -->
